<?xml version="1.0" encoding="UTF-8"?>
<!-- Generated by org.testng.reporters.JUnitReportReporter -->
<testsuite skipped="0" hostname="Ratheesh" name="com.linkedin.testcases.Login" tests="1" failures="0" timestamp="10 Dec 2018 22:01:13 GMT" time="14.854" errors="0">
  <testcase name="verifyHomePage" time="14.854" classname="com.linkedin.testcases.Login"/>
</testsuite> <!-- com.linkedin.testcases.Login -->
