<?xml version="1.0" encoding="UTF-8"?>
<!-- Generated by org.testng.reporters.JUnitReportReporter -->
<testsuite skipped="0" hostname="Ratheesh" name="com.linkedin.pages.HomePage" tests="1" failures="0" timestamp="10 Dec 2018 12:30:15 GMT" time="18.725" errors="0">
  <testcase name="verifyHomePage" time="18.725" classname="com.linkedin.pages.HomePage"/>
</testsuite> <!-- com.linkedin.pages.HomePage -->
